<?xml version="1.0" encoding="UTF-8"?>
<!-- Generated by org.testng.reporters.JUnitXMLReporter -->
<testsuite ignored="0" hostname="Sharini" failures="0" tests="3" name="Default test" time="20.735" errors="0" timestamp="2024-05-05T23:32:45 EDT">
  <testcase classname="com.My_Portfolio_Testing.PortfolioContentsTest" name="Home" time="2.422"/>
  <testcase classname="com.My_Portfolio_Testing.PortfolioContentsTest" name="About" time="3.922"/>
  <testcase classname="com.My_Portfolio_Testing.PortfolioContentsTest" name="Skills" time="0.889"/>
</testsuite> <!-- Default test -->
