<?xml version="1.0" encoding="UTF-8"?>
<!-- Generated by org.testng.reporters.JUnitXMLReporter -->
<testsuite ignored="0" hostname="Sharini" failures="0" tests="3" name="PortfolioContents1_Edge_Test" time="17.119" errors="0" timestamp="2024-05-06T11:03:51 EDT">
  <testcase classname="com.My_Portfolio_Testing.PortfolioContentsTestPart1" name="Home" time="0.612"/>
  <testcase classname="com.My_Portfolio_Testing.PortfolioContentsTestPart1" name="About" time="3.706"/>
  <testcase classname="com.My_Portfolio_Testing.PortfolioContentsTestPart1" name="Skills" time="0.901"/>
</testsuite> <!-- PortfolioContents1_Edge_Test -->
