<?xml version="1.0" encoding="UTF-8"?>
<!-- Generated by org.testng.reporters.JUnitXMLReporter -->
<testsuite ignored="0" hostname="Sharini" failures="0" tests="3" name="PortfolioContents1_Chrome_Test" time="14.221" errors="0" timestamp="2024-05-06T11:03:34 EDT">
  <testcase classname="com.My_Portfolio_Testing.PortfolioContentsTestPart1" name="Home" time="0.255"/>
  <testcase classname="com.My_Portfolio_Testing.PortfolioContentsTestPart1" name="About" time="2.839"/>
  <testcase classname="com.My_Portfolio_Testing.PortfolioContentsTestPart1" name="Skills" time="0.474"/>
</testsuite> <!-- PortfolioContents1_Chrome_Test -->
