<?xml version="1.0" encoding="UTF-8"?>
<!-- Generated by org.testng.reporters.JUnitXMLReporter -->
<testsuite ignored="0" hostname="Sharini" failures="0" tests="13" name="PortfolioHeader_Chrome_Test" time="107.697" errors="0" timestamp="2024-05-06T11:01:25 EDT">
  <testcase classname="com.My_Portfolio_Testing.PortfolioHeaderTest" name="portfolio" time="3.794"/>
  <testcase classname="com.My_Portfolio_Testing.PortfolioHeaderTest" name="home" time="4.184"/>
  <testcase classname="com.My_Portfolio_Testing.PortfolioHeaderTest" name="homeColorTest" time="5.613"/>
  <testcase classname="com.My_Portfolio_Testing.PortfolioHeaderTest" name="About" time="4.213"/>
  <testcase classname="com.My_Portfolio_Testing.PortfolioHeaderTest" name="aboutColorTest" time="5.397"/>
  <testcase classname="com.My_Portfolio_Testing.PortfolioHeaderTest" name="Skills" time="4.307"/>
  <testcase classname="com.My_Portfolio_Testing.PortfolioHeaderTest" name="skillColorTest" time="5.446"/>
  <testcase classname="com.My_Portfolio_Testing.PortfolioHeaderTest" name="Certifications" time="4.322"/>
  <testcase classname="com.My_Portfolio_Testing.PortfolioHeaderTest" name="certColorTest" time="5.513"/>
  <testcase classname="com.My_Portfolio_Testing.PortfolioHeaderTest" name="Projects" time="4.419"/>
  <testcase classname="com.My_Portfolio_Testing.PortfolioHeaderTest" name="ProjectColorTest" time="5.631"/>
  <testcase classname="com.My_Portfolio_Testing.PortfolioHeaderTest" name="Contact" time="4.448"/>
  <testcase classname="com.My_Portfolio_Testing.PortfolioHeaderTest" name="ContactColorTest" time="5.628"/>
</testsuite> <!-- PortfolioHeader_Chrome_Test -->
