<?xml version="1.0" encoding="UTF-8"?>
<!-- Generated by org.testng.reporters.JUnitXMLReporter -->
<testsuite ignored="0" hostname="Sharini" failures="0" tests="13" name="Portfolio_Chrome_Test" time="92.579" errors="0" timestamp="2024-05-06T00:38:38 EDT">
  <testcase classname="com.My_Portfolio_Testing.TestPortfolio" name="portfolio" time="4.874"/>
  <testcase classname="com.My_Portfolio_Testing.TestPortfolio" name="home" time="4.276"/>
  <testcase classname="com.My_Portfolio_Testing.TestPortfolio" name="homeColorTest" time="6.097"/>
  <testcase classname="com.My_Portfolio_Testing.TestPortfolio" name="About" time="4.289"/>
  <testcase classname="com.My_Portfolio_Testing.TestPortfolio" name="aboutColorTest" time="5.538"/>
  <testcase classname="com.My_Portfolio_Testing.TestPortfolio" name="Skills" time="4.366"/>
  <testcase classname="com.My_Portfolio_Testing.TestPortfolio" name="skillColorTest" time="5.598"/>
  <testcase classname="com.My_Portfolio_Testing.TestPortfolio" name="Certifications" time="4.452"/>
  <testcase classname="com.My_Portfolio_Testing.TestPortfolio" name="certColorTest" time="5.634"/>
  <testcase classname="com.My_Portfolio_Testing.TestPortfolio" name="Projects" time="4.551"/>
  <testcase classname="com.My_Portfolio_Testing.TestPortfolio" name="ProjectColorTest" time="6.082"/>
  <testcase classname="com.My_Portfolio_Testing.TestPortfolio" name="Contact" time="4.834"/>
  <testcase classname="com.My_Portfolio_Testing.TestPortfolio" name="ContactColorTest" time="5.823"/>
</testsuite> <!-- Portfolio_Chrome_Test -->
