<?xml version="1.0" encoding="UTF-8"?>
<!-- Generated by org.testng.reporters.JUnitXMLReporter -->
<testsuite ignored="0" hostname="Sharini" failures="0" tests="2" name="PortfolioContents2_Chrome_Test" time="36.808" errors="0" timestamp="2024-05-06T11:04:28 EDT">
  <testcase classname="com.My_Portfolio_Testing.PortfolioContentsTestPart2" name="Certifications" time="13.806"/>
  <testcase classname="com.My_Portfolio_Testing.PortfolioContentsTestPart2" name="Projects" time="15.837"/>
</testsuite> <!-- PortfolioContents2_Chrome_Test -->
