<?xml version="1.0" encoding="UTF-8"?>
<!-- Generated by org.testng.reporters.JUnitXMLReporter -->
<testsuite ignored="0" hostname="Sharini" failures="0" tests="7" name="PortfolioContents3_Edge_Test" time="74.562" errors="0" timestamp="2024-05-06T11:07:35 EDT">
  <testcase classname="com.My_Portfolio_Testing.PortfolioContentsTestPart3" name="Contacts" time="5.208"/>
  <testcase classname="com.My_Portfolio_Testing.PortfolioContentsTestPart3" name="Email_and_number" time="6.118"/>
  <testcase classname="com.My_Portfolio_Testing.PortfolioContentsTestPart3" name="LinkedIN" time="9.321"/>
  <testcase classname="com.My_Portfolio_Testing.PortfolioContentsTestPart3" name="GitHub" time="4.455"/>
  <testcase classname="com.My_Portfolio_Testing.PortfolioContentsTestPart3" name="FeedbackForm" time="8.583"/>
  <testcase classname="com.My_Portfolio_Testing.PortfolioContentsTestPart3" name="FeedbackForm" time="7.458"/>
  <testcase classname="com.My_Portfolio_Testing.PortfolioContentsTestPart3" name="FeedbackForm" time="8.056"/>
</testsuite> <!-- PortfolioContents3_Edge_Test -->
