<?xml version="1.0" encoding="UTF-8"?>
<!-- Generated by org.testng.reporters.JUnitXMLReporter -->
<testsuite ignored="0" hostname="Sharini" failures="0" tests="7" name="PortfolioContents3_Chrome_Test" time="68.918" errors="0" timestamp="2024-05-06T11:06:20 EDT">
  <testcase classname="com.My_Portfolio_Testing.PortfolioContentsTestPart3" name="Contacts" time="4.521"/>
  <testcase classname="com.My_Portfolio_Testing.PortfolioContentsTestPart3" name="Email_and_number" time="4.774"/>
  <testcase classname="com.My_Portfolio_Testing.PortfolioContentsTestPart3" name="LinkedIN" time="8.793"/>
  <testcase classname="com.My_Portfolio_Testing.PortfolioContentsTestPart3" name="GitHub" time="3.918"/>
  <testcase classname="com.My_Portfolio_Testing.PortfolioContentsTestPart3" name="FeedbackForm" time="7.844"/>
  <testcase classname="com.My_Portfolio_Testing.PortfolioContentsTestPart3" name="FeedbackForm" time="6.985"/>
  <testcase classname="com.My_Portfolio_Testing.PortfolioContentsTestPart3" name="FeedbackForm" time="7.738"/>
</testsuite> <!-- PortfolioContents3_Chrome_Test -->
