<?xml version="1.0" encoding="UTF-8"?>
<!-- Generated by org.testng.reporters.JUnitXMLReporter -->
<testsuite ignored="0" hostname="Sharini" failures="0" tests="13" name="Portfolio_Edge_Test" time="120.482" errors="0" timestamp="2024-05-06T00:50:38 EDT">
  <testcase classname="com.My_Portfolio_Testing.TestPortfolio" name="portfolio" time="4.766"/>
  <testcase classname="com.My_Portfolio_Testing.TestPortfolio" name="home" time="4.353"/>
  <testcase classname="com.My_Portfolio_Testing.TestPortfolio" name="homeColorTest" time="5.909"/>
  <testcase classname="com.My_Portfolio_Testing.TestPortfolio" name="About" time="4.426"/>
  <testcase classname="com.My_Portfolio_Testing.TestPortfolio" name="aboutColorTest" time="5.775"/>
  <testcase classname="com.My_Portfolio_Testing.TestPortfolio" name="Skills" time="4.583"/>
  <testcase classname="com.My_Portfolio_Testing.TestPortfolio" name="skillColorTest" time="5.673"/>
  <testcase classname="com.My_Portfolio_Testing.TestPortfolio" name="Certifications" time="4.71"/>
  <testcase classname="com.My_Portfolio_Testing.TestPortfolio" name="certColorTest" time="5.745"/>
  <testcase classname="com.My_Portfolio_Testing.TestPortfolio" name="Projects" time="4.908"/>
  <testcase classname="com.My_Portfolio_Testing.TestPortfolio" name="ProjectColorTest" time="6.35"/>
  <testcase classname="com.My_Portfolio_Testing.TestPortfolio" name="Contact" time="5.015"/>
  <testcase classname="com.My_Portfolio_Testing.TestPortfolio" name="ContactColorTest" time="5.935"/>
</testsuite> <!-- Portfolio_Edge_Test -->
