<?xml version="1.0" encoding="UTF-8"?>
<!-- Generated by org.testng.reporters.JUnitXMLReporter -->
<testsuite ignored="0" hostname="Sharini" failures="0" tests="13" name="PortfolioHeader_Edge_Test" time="114.948" errors="0" timestamp="2024-05-06T11:03:20 EDT">
  <testcase classname="com.My_Portfolio_Testing.PortfolioHeaderTest" name="portfolio" time="3.581"/>
  <testcase classname="com.My_Portfolio_Testing.PortfolioHeaderTest" name="home" time="4.507"/>
  <testcase classname="com.My_Portfolio_Testing.PortfolioHeaderTest" name="homeColorTest" time="5.691"/>
  <testcase classname="com.My_Portfolio_Testing.PortfolioHeaderTest" name="About" time="4.661"/>
  <testcase classname="com.My_Portfolio_Testing.PortfolioHeaderTest" name="aboutColorTest" time="5.836"/>
  <testcase classname="com.My_Portfolio_Testing.PortfolioHeaderTest" name="Skills" time="4.62"/>
  <testcase classname="com.My_Portfolio_Testing.PortfolioHeaderTest" name="skillColorTest" time="5.95"/>
  <testcase classname="com.My_Portfolio_Testing.PortfolioHeaderTest" name="Certifications" time="4.668"/>
  <testcase classname="com.My_Portfolio_Testing.PortfolioHeaderTest" name="certColorTest" time="5.82"/>
  <testcase classname="com.My_Portfolio_Testing.PortfolioHeaderTest" name="Projects" time="4.721"/>
  <testcase classname="com.My_Portfolio_Testing.PortfolioHeaderTest" name="ProjectColorTest" time="5.96"/>
  <testcase classname="com.My_Portfolio_Testing.PortfolioHeaderTest" name="Contact" time="5.29"/>
  <testcase classname="com.My_Portfolio_Testing.PortfolioHeaderTest" name="ContactColorTest" time="6.074"/>
</testsuite> <!-- PortfolioHeader_Edge_Test -->
