<?xml version="1.0" encoding="UTF-8"?>
<!-- Generated by org.testng.reporters.JUnitXMLReporter -->
<testsuite ignored="0" hostname="Sharini" failures="0" tests="2" name="PortfolioContents2_Edge_Test" time="43.37" errors="0" timestamp="2024-05-06T11:05:11 EDT">
  <testcase classname="com.My_Portfolio_Testing.PortfolioContentsTestPart2" name="Certifications" time="18.865"/>
  <testcase classname="com.My_Portfolio_Testing.PortfolioContentsTestPart2" name="Projects" time="17.241"/>
</testsuite> <!-- PortfolioContents2_Edge_Test -->
